[0m00:28:12.335411 [debug] [MainThread]: Sending event: {'category': 'dbt', 'action': 'invocation', 'label': 'start', 'context': [<snowplow_tracker.self_describing_json.SelfDescribingJson object at 0x00000268657D81A0>, <snowplow_tracker.self_describing_json.SelfDescribingJson object at 0x0000026865470BC0>, <snowplow_tracker.self_describing_json.SelfDescribingJson object at 0x0000026863C238C0>]}


============================== 00:28:12.827119 | aa6e7131-ecb6-4e64-a2e4-822383db65f3 ==============================
[0m00:28:12.827119 [info ] [MainThread]: Running with dbt=1.11.8
[0m00:28:12.835169 [debug] [MainThread]: running dbt with arguments {'version_check': 'True', 'no_print': 'None', 'static_parser': 'True', 'warn_error_options': 'WarnErrorOptionsV2(error=[], warn=[], silence=[])', 'target_path': 'None', 'printer_width': '80', 'write_json': 'True', 'introspect': 'True', 'log_cache_events': 'False', 'empty': 'None', 'cache_selected_only': 'False', 'fail_fast': 'False', 'debug': 'False', 'log_format': 'default', 'partial_parse': 'True', 'send_anonymous_usage_stats': 'True', 'quiet': 'False', 'warn_error': 'None', 'profiles_dir': 'C:\\Users\\LENOVO\\.dbt', 'indirect_selection': 'eager', 'invocation_command': 'dbt init dbt_project', 'use_colors': 'True', 'use_experimental_parser': 'False', 'log_path': 'logs'}
[0m00:28:13.699437 [info ] [MainThread]: Creating dbt configuration folder at C:\Users\LENOVO\.dbt
[0m00:28:13.724726 [debug] [MainThread]: Starter project path: C:\Users\LENOVO\AppData\Local\Packages\PythonSoftwareFoundation.Python.3.12_qbz5n2kfra8p0\LocalCache\local-packages\Python312\site-packages\dbt\include\starter_project
[0m00:28:14.515863 [info ] [MainThread]: 
Your new dbt project "dbt_project" was created!

For more information on how to configure the profiles.yml file,
please consult the dbt documentation here:

  https://docs.getdbt.com/docs/configure-your-profile

One more thing:

Need help? Don't hesitate to reach out to us via GitHub issues or on Slack:

  https://community.getdbt.com/

Happy modeling!

[0m00:28:14.515863 [info ] [MainThread]: Setting up your profile.
[0m00:30:45.177674 [debug] [MainThread]: Snowflake adapter: Setting snowflake.connector to ERROR (file logging only)
[0m00:30:45.177674 [debug] [MainThread]: Snowflake adapter: Setting botocore to ERROR (file logging only)
[0m00:30:45.177674 [debug] [MainThread]: Snowflake adapter: Setting boto3 to ERROR (file logging only)
[0m00:31:48.147580 [info ] [MainThread]: Profile dbt_project written to C:\Users\LENOVO\.dbt\profiles.yml using target's profile_template.yml and your supplied values. Run 'dbt debug' to validate the connection.
[0m00:31:48.147580 [debug] [MainThread]: Command `dbt init` succeeded at 00:31:48.147580 after 216.19 seconds
[0m00:31:48.147580 [debug] [MainThread]: Sending event: {'category': 'dbt', 'action': 'invocation', 'label': 'end', 'context': [<snowplow_tracker.self_describing_json.SelfDescribingJson object at 0x0000026863BF0CE0>, <snowplow_tracker.self_describing_json.SelfDescribingJson object at 0x000002687845E3F0>, <snowplow_tracker.self_describing_json.SelfDescribingJson object at 0x0000026878490D40>]}
[0m00:31:48.147580 [debug] [MainThread]: Flushing usage events
[0m00:31:50.074438 [debug] [MainThread]: An error was encountered while trying to flush usage events
